#
# There is insufficient memory for the Java Runtime Environment to continue.
# Native memory allocation (mmap) failed to map 65536 bytes for Failed to commit metaspace.
# Possible reasons:
#   The system is out of physical RAM or swap space
#   The process is running with CompressedOops enabled, and the Java Heap may be blocking the growth of the native heap
# Possible solutions:
#   Reduce memory load on the system
#   Increase physical memory or swap space
#   Check if swap backing store is full
#   Decrease Java heap size (-Xmx/-Xms)
#   Decrease number of Java threads
#   Decrease Java thread stack sizes (-Xss)
#   Set larger code cache with -XX:ReservedCodeCacheSize=
#   JVM is running with Unscaled Compressed Oops mode in which the Java heap is
#     placed in the first 4GB address space. The Java Heap base address is the
#     maximum limit for the native heap growth. Please use -XX:HeapBaseMinAddress
#     to set the Java Heap base and to place the Java Heap above 4GB virtual address.
# This output file may be truncated or incomplete.
#
#  Out of Memory Error (virtualSpaceNode.cpp:110), pid=6984, tid=19048
#
# JRE version: Java(TM) SE Runtime Environment (20.0.1+9) (build 20.0.1+9-29)
# Java VM: Java HotSpot(TM) 64-Bit Server VM (20.0.1+9-29, mixed mode, tiered, compressed oops, compressed class ptrs, g1 gc, windows-amd64)
# No core dump will be written. Minidumps are not enabled by default on client versions of Windows
#

---------------  S U M M A R Y ------------

Command Line: -Dfile.encoding=UTF-8 --module-path=C:\Users\admin\Desktop\New Web Development\1.Java\7.JavaProject\1.Bank_Management_System\build\classes mypack.Signup_3

Host: Intel(R) Core(TM) i3-8130U CPU @ 2.20GHz, 4 cores, 3G,  Windows 10 , 64 bit Build 19041 (10.0.19041.3393)
Time: Thu Oct  5 09:10:19 2023 India Standard Time elapsed time: 0.411430 seconds (0d 0h 0m 0s)

---------------  T H R E A D  ---------------

Current thread (0x000002531e5e65d0):  JavaThread "C1 CompilerThread0" daemon [_thread_in_vm, id=19048, stack(0x0000008d80800000,0x0000008d80900000)]


Current CompileTask:
C1:    411  122       3       java.util.HashMap$Node::<init> (26 bytes)

Stack: [0x0000008d80800000,0x0000008d80900000]
Native frames: (J=compiled Java code, j=interpreted, Vv=VM code, C=native code)
V  [jvm.dll+0x6bb95a]
V  [jvm.dll+0x8485fa]
V  [jvm.dll+0x84a1f5]
V  [jvm.dll+0x84a8f3]
V  [jvm.dll+0x280b0f]
V  [jvm.dll+0x84453b]
V  [jvm.dll+0x65fd86]
V  [jvm.dll+0x65fdea]
V  [jvm.dll+0x6626c3]
V  [jvm.dll+0x66258e]
V  [jvm.dll+0x66079e]
V  [jvm.dll+0x671bfa]
V  [jvm.dll+0x66b122]
V  [jvm.dll+0x1f8f90]
V  [jvm.dll+0x1f9178]
V  [jvm.dll+0x15804e]
V  [jvm.dll+0x158384]
V  [jvm.dll+0x1577c6]
V  [jvm.dll+0x1594fd]
V  [jvm.dll+0x259e1b]
V  [jvm.dll+0x2584f0]
V  [jvm.dll+0x3f2895]
V  [jvm.dll+0x7f4b56]
V  [jvm.dll+0x6ba5cb]
C  [ucrtbase.dll+0x21bb2]
C  [KERNEL32.DLL+0x17344]
C  [ntdll.dll+0x526b1]


---------------  P R O C E S S  ---------------

Threads class SMR info:
_java_thread_list=0x000002532293a9f0, length=10, elements={
0x0000025301b19af0, 0x000002531e5fc620, 0x000002531e5fda30, 0x000002531e5ef600,
0x000002531e5f1f50, 0x000002531e5f2890, 0x000002531e5f31d0, 0x000002531e5f3e40,
0x000002531e5e65d0, 0x0000025322880b00
}

Java Threads: ( => current thread )
  0x0000025301b19af0 JavaThread "main" [_thread_in_vm, id=19260, stack(0x0000008dff900000,0x0000008dffa00000)]
  0x000002531e5fc620 JavaThread "Reference Handler" daemon [_thread_blocked, id=20380, stack(0x0000008d80100000,0x0000008d80200000)]
  0x000002531e5fda30 JavaThread "Finalizer" daemon [_thread_blocked, id=15392, stack(0x0000008d80200000,0x0000008d80300000)]
  0x000002531e5ef600 JavaThread "Signal Dispatcher" daemon [_thread_blocked, id=11088, stack(0x0000008d80300000,0x0000008d80400000)]
  0x000002531e5f1f50 JavaThread "Attach Listener" daemon [_thread_blocked, id=20216, stack(0x0000008d80400000,0x0000008d80500000)]
  0x000002531e5f2890 JavaThread "Service Thread" daemon [_thread_blocked, id=1456, stack(0x0000008d80500000,0x0000008d80600000)]
  0x000002531e5f31d0 JavaThread "Monitor Deflation Thread" daemon [_thread_blocked, id=19504, stack(0x0000008d80600000,0x0000008d80700000)]
  0x000002531e5f3e40 JavaThread "C2 CompilerThread0" daemon [_thread_blocked, id=10328, stack(0x0000008d80700000,0x0000008d80800000)]
=>0x000002531e5e65d0 JavaThread "C1 CompilerThread0" daemon [_thread_in_vm, id=19048, stack(0x0000008d80800000,0x0000008d80900000)]
  0x0000025322880b00 JavaThread "Common-Cleaner" daemon [_thread_blocked, id=19000, stack(0x0000008d80900000,0x0000008d80a00000)]

Other Threads:
  0x000002531e53ac00 VMThread "VM Thread" [stack: 0x0000008dfff00000,0x0000008e00000000] [id=6360]
  0x0000025301b5b0a0 WorkerThread "GC Thread#0" [stack: 0x0000008dffa00000,0x0000008dffb00000] [id=17704]
  0x0000025301b63e20 ConcurrentGCThread "G1 Main Marker" [stack: 0x0000008dffb00000,0x0000008dffc00000] [id=13988]
  0x0000025301b64f00 WorkerThread "G1 Conc#0" [stack: 0x0000008dffc00000,0x0000008dffd00000] [id=2640]
  0x0000025301bb76b0 ConcurrentGCThread "G1 Refine#0" [stack: 0x0000008dffd00000,0x0000008dffe00000] [id=8856]
  0x0000025301bb9070 ConcurrentGCThread "G1 Service" [stack: 0x0000008dffe00000,0x0000008dfff00000] [id=13844]

Threads with active compile tasks:
C1 CompilerThread0      492  122       3       java.util.HashMap$Node::<init> (26 bytes)

VM state: not at safepoint (normal execution)

VM Mutex/Monitor currently owned by a thread:  ([mutex/lock_event])
[0x0000025301b127e0] Metaspace_lock - owner thread: 0x000002531e5e65d0

Heap address: 0x00000000c1600000, size: 1002 MB, Compressed Oops mode: 32-bit

CDS archive(s) not mapped
Compressed class space mapped at: 0x0000000100000000-0x0000000140000000, reserved size: 1073741824
Narrow klass base: 0x0000000000000000, Narrow klass shift: 3, Narrow klass range: 0x140000000

GC Precious Log:
 CardTable entry size: 512
 Card Set container configuration: InlinePtr #cards 5 size 8 Array Of Cards #cards 12 size 40 Howl #buckets 4 coarsen threshold 1843 Howl Bitmap #cards 512 size 80 coarsen threshold 460 Card regions per heap region 1 cards per card region 2048
 CPUs: 4 total, 4 available
 Memory: 4007M
 Large Page Support: Disabled
 NUMA Support: Disabled
 Compressed Oops: Enabled (32-bit)
 Heap Region Size: 1M
 Heap Min Capacity: 8M
 Heap Initial Capacity: 64M
 Heap Max Capacity: 1002M
 Pre-touch: Disabled
 Parallel Workers: 4
 Concurrent Workers: 1
 Concurrent Refinement Workers: 4
 Periodic GC: Disabled

Heap:
 garbage-first heap   total 65536K, used 1024K [0x00000000c1600000, 0x0000000100000000)
  region size 1024K, 2 young (2048K), 0 survivors (0K)
 Metaspace       used 5704K, committed 5824K, reserved 1114112K
  class space    used 454K, committed 512K, reserved 1048576K

Heap Regions: E=young(eden), S=young(survivor), O=old, HS=humongous(starts), HC=humongous(continues), CS=collection set, F=free, OA=open archive, CA=closed archive, TAMS=top-at-mark-start, PB=parsable bottom
|   0|0x00000000c1600000, 0x00000000c1600000, 0x00000000c1700000|  0%| F|  |TAMS 0x00000000c1600000| PB 0x00000000c1600000| Untracked 
|   1|0x00000000c1700000, 0x00000000c1700000, 0x00000000c1800000|  0%| F|  |TAMS 0x00000000c1700000| PB 0x00000000c1700000| Untracked 
|   2|0x00000000c1800000, 0x00000000c1800000, 0x00000000c1900000|  0%| F|  |TAMS 0x00000000c1800000| PB 0x00000000c1800000| Untracked 
|   3|0x00000000c1900000, 0x00000000c1900000, 0x00000000c1a00000|  0%| F|  |TAMS 0x00000000c1900000| PB 0x00000000c1900000| Untracked 
|   4|0x00000000c1a00000, 0x00000000c1a00000, 0x00000000c1b00000|  0%| F|  |TAMS 0x00000000c1a00000| PB 0x00000000c1a00000| Untracked 
|   5|0x00000000c1b00000, 0x00000000c1b00000, 0x00000000c1c00000|  0%| F|  |TAMS 0x00000000c1b00000| PB 0x00000000c1b00000| Untracked 
|   6|0x00000000c1c00000, 0x00000000c1c00000, 0x00000000c1d00000|  0%| F|  |TAMS 0x00000000c1c00000| PB 0x00000000c1c00000| Untracked 
|   7|0x00000000c1d00000, 0x00000000c1d00000, 0x00000000c1e00000|  0%| F|  |TAMS 0x00000000c1d00000| PB 0x00000000c1d00000| Untracked 
|   8|0x00000000c1e00000, 0x00000000c1e00000, 0x00000000c1f00000|  0%| F|  |TAMS 0x00000000c1e00000| PB 0x00000000c1e00000| Untracked 
|   9|0x00000000c1f00000, 0x00000000c1f00000, 0x00000000c2000000|  0%| F|  |TAMS 0x00000000c1f00000| PB 0x00000000c1f00000| Untracked 
|  10|0x00000000c2000000, 0x00000000c2000000, 0x00000000c2100000|  0%| F|  |TAMS 0x00000000c2000000| PB 0x00000000c2000000| Untracked 
|  11|0x00000000c2100000, 0x00000000c2100000, 0x00000000c2200000|  0%| F|  |TAMS 0x00000000c2100000| PB 0x00000000c2100000| Untracked 
|  12|0x00000000c2200000, 0x00000000c2200000, 0x00000000c2300000|  0%| F|  |TAMS 0x00000000c2200000| PB 0x00000000c2200000| Untracked 
|  13|0x00000000c2300000, 0x00000000c2300000, 0x00000000c2400000|  0%| F|  |TAMS 0x00000000c2300000| PB 0x00000000c2300000| Untracked 
|  14|0x00000000c2400000, 0x00000000c2400000, 0x00000000c2500000|  0%| F|  |TAMS 0x00000000c2400000| PB 0x00000000c2400000| Untracked 
|  15|0x00000000c2500000, 0x00000000c2500000, 0x00000000c2600000|  0%| F|  |TAMS 0x00000000c2500000| PB 0x00000000c2500000| Untracked 
|  16|0x00000000c2600000, 0x00000000c2600000, 0x00000000c2700000|  0%| F|  |TAMS 0x00000000c2600000| PB 0x00000000c2600000| Untracked 
|  17|0x00000000c2700000, 0x00000000c2700000, 0x00000000c2800000|  0%| F|  |TAMS 0x00000000c2700000| PB 0x00000000c2700000| Untracked 
|  18|0x00000000c2800000, 0x00000000c2800000, 0x00000000c2900000|  0%| F|  |TAMS 0x00000000c2800000| PB 0x00000000c2800000| Untracked 
|  19|0x00000000c2900000, 0x00000000c2900000, 0x00000000c2a00000|  0%| F|  |TAMS 0x00000000c2900000| PB 0x00000000c2900000| Untracked 
|  20|0x00000000c2a00000, 0x00000000c2a00000, 0x00000000c2b00000|  0%| F|  |TAMS 0x00000000c2a00000| PB 0x00000000c2a00000| Untracked 
|  21|0x00000000c2b00000, 0x00000000c2b00000, 0x00000000c2c00000|  0%| F|  |TAMS 0x00000000c2b00000| PB 0x00000000c2b00000| Untracked 
|  22|0x00000000c2c00000, 0x00000000c2c00000, 0x00000000c2d00000|  0%| F|  |TAMS 0x00000000c2c00000| PB 0x00000000c2c00000| Untracked 
|  23|0x00000000c2d00000, 0x00000000c2d00000, 0x00000000c2e00000|  0%| F|  |TAMS 0x00000000c2d00000| PB 0x00000000c2d00000| Untracked 
|  24|0x00000000c2e00000, 0x00000000c2e00000, 0x00000000c2f00000|  0%| F|  |TAMS 0x00000000c2e00000| PB 0x00000000c2e00000| Untracked 
|  25|0x00000000c2f00000, 0x00000000c2f00000, 0x00000000c3000000|  0%| F|  |TAMS 0x00000000c2f00000| PB 0x00000000c2f00000| Untracked 
|  26|0x00000000c3000000, 0x00000000c3000000, 0x00000000c3100000|  0%| F|  |TAMS 0x00000000c3000000| PB 0x00000000c3000000| Untracked 
|  27|0x00000000c3100000, 0x00000000c3100000, 0x00000000c3200000|  0%| F|  |TAMS 0x00000000c3100000| PB 0x00000000c3100000| Untracked 
|  28|0x00000000c3200000, 0x00000000c3200000, 0x00000000c3300000|  0%| F|  |TAMS 0x00000000c3200000| PB 0x00000000c3200000| Untracked 
|  29|0x00000000c3300000, 0x00000000c3300000, 0x00000000c3400000|  0%| F|  |TAMS 0x00000000c3300000| PB 0x00000000c3300000| Untracked 
|  30|0x00000000c3400000, 0x00000000c3400000, 0x00000000c3500000|  0%| F|  |TAMS 0x00000000c3400000| PB 0x00000000c3400000| Untracked 
|  31|0x00000000c3500000, 0x00000000c3500000, 0x00000000c3600000|  0%| F|  |TAMS 0x00000000c3500000| PB 0x00000000c3500000| Untracked 
|  32|0x00000000c3600000, 0x00000000c3600000, 0x00000000c3700000|  0%| F|  |TAMS 0x00000000c3600000| PB 0x00000000c3600000| Untracked 
|  33|0x00000000c3700000, 0x00000000c3700000, 0x00000000c3800000|  0%| F|  |TAMS 0x00000000c3700000| PB 0x00000000c3700000| Untracked 
|  34|0x00000000c3800000, 0x00000000c3800000, 0x00000000c3900000|  0%| F|  |TAMS 0x00000000c3800000| PB 0x00000000c3800000| Untracked 
|  35|0x00000000c3900000, 0x00000000c3900000, 0x00000000c3a00000|  0%| F|  |TAMS 0x00000000c3900000| PB 0x00000000c3900000| Untracked 
|  36|0x00000000c3a00000, 0x00000000c3a00000, 0x00000000c3b00000|  0%| F|  |TAMS 0x00000000c3a00000| PB 0x00000000c3a00000| Untracked 
|  37|0x00000000c3b00000, 0x00000000c3b00000, 0x00000000c3c00000|  0%| F|  |TAMS 0x00000000c3b00000| PB 0x00000000c3b00000| Untracked 
|  38|0x00000000c3c00000, 0x00000000c3c00000, 0x00000000c3d00000|  0%| F|  |TAMS 0x00000000c3c00000| PB 0x00000000c3c00000| Untracked 
|  39|0x00000000c3d00000, 0x00000000c3d00000, 0x00000000c3e00000|  0%| F|  |TAMS 0x00000000c3d00000| PB 0x00000000c3d00000| Untracked 
|  40|0x00000000c3e00000, 0x00000000c3e00000, 0x00000000c3f00000|  0%| F|  |TAMS 0x00000000c3e00000| PB 0x00000000c3e00000| Untracked 
|  41|0x00000000c3f00000, 0x00000000c3f00000, 0x00000000c4000000|  0%| F|  |TAMS 0x00000000c3f00000| PB 0x00000000c3f00000| Untracked 
|  42|0x00000000c4000000, 0x00000000c4000000, 0x00000000c4100000|  0%| F|  |TAMS 0x00000000c4000000| PB 0x00000000c4000000| Untracked 
|  43|0x00000000c4100000, 0x00000000c4100000, 0x00000000c4200000|  0%| F|  |TAMS 0x00000000c4100000| PB 0x00000000c4100000| Untracked 
|  44|0x00000000c4200000, 0x00000000c4200000, 0x00000000c4300000|  0%| F|  |TAMS 0x00000000c4200000| PB 0x00000000c4200000| Untracked 
|  45|0x00000000c4300000, 0x00000000c4300000, 0x00000000c4400000|  0%| F|  |TAMS 0x00000000c4300000| PB 0x00000000c4300000| Untracked 
|  46|0x00000000c4400000, 0x00000000c4400000, 0x00000000c4500000|  0%| F|  |TAMS 0x00000000c4400000| PB 0x00000000c4400000| Untracked 
|  47|0x00000000c4500000, 0x00000000c4500000, 0x00000000c4600000|  0%| F|  |TAMS 0x00000000c4500000| PB 0x00000000c4500000| Untracked 
|  48|0x00000000c4600000, 0x00000000c4600000, 0x00000000c4700000|  0%| F|  |TAMS 0x00000000c4600000| PB 0x00000000c4600000| Untracked 
|  49|0x00000000c4700000, 0x00000000c4700000, 0x00000000c4800000|  0%| F|  |TAMS 0x00000000c4700000| PB 0x00000000c4700000| Untracked 
|  50|0x00000000c4800000, 0x00000000c4800000, 0x00000000c4900000|  0%| F|  |TAMS 0x00000000c4800000| PB 0x00000000c4800000| Untracked 
|  51|0x00000000c4900000, 0x00000000c4900000, 0x00000000c4a00000|  0%| F|  |TAMS 0x00000000c4900000| PB 0x00000000c4900000| Untracked 
|  52|0x00000000c4a00000, 0x00000000c4a00000, 0x00000000c4b00000|  0%| F|  |TAMS 0x00000000c4a00000| PB 0x00000000c4a00000| Untracked 
|  53|0x00000000c4b00000, 0x00000000c4b00000, 0x00000000c4c00000|  0%| F|  |TAMS 0x00000000c4b00000| PB 0x00000000c4b00000| Untracked 
|  54|0x00000000c4c00000, 0x00000000c4c00000, 0x00000000c4d00000|  0%| F|  |TAMS 0x00000000c4c00000| PB 0x00000000c4c00000| Untracked 
|  55|0x00000000c4d00000, 0x00000000c4d00000, 0x00000000c4e00000|  0%| F|  |TAMS 0x00000000c4d00000| PB 0x00000000c4d00000| Untracked 
|  56|0x00000000c4e00000, 0x00000000c4e00000, 0x00000000c4f00000|  0%| F|  |TAMS 0x00000000c4e00000| PB 0x00000000c4e00000| Untracked 
|  57|0x00000000c4f00000, 0x00000000c4f00000, 0x00000000c5000000|  0%| F|  |TAMS 0x00000000c4f00000| PB 0x00000000c4f00000| Untracked 
|  58|0x00000000c5000000, 0x00000000c5000000, 0x00000000c5100000|  0%| F|  |TAMS 0x00000000c5000000| PB 0x00000000c5000000| Untracked 
|  59|0x00000000c5100000, 0x00000000c5100000, 0x00000000c5200000|  0%| F|  |TAMS 0x00000000c5100000| PB 0x00000000c5100000| Untracked 
|  60|0x00000000c5200000, 0x00000000c5200000, 0x00000000c5300000|  0%| F|  |TAMS 0x00000000c5200000| PB 0x00000000c5200000| Untracked 
|  61|0x00000000c5300000, 0x00000000c5300000, 0x00000000c5400000|  0%| F|  |TAMS 0x00000000c5300000| PB 0x00000000c5300000| Untracked 
|  62|0x00000000c5400000, 0x00000000c54c84f0, 0x00000000c5500000| 78%| E|  |TAMS 0x00000000c5400000| PB 0x00000000c5400000| Complete 
|  63|0x00000000c5500000, 0x00000000c5600000, 0x00000000c5600000|100%| E|CS|TAMS 0x00000000c5500000| PB 0x00000000c5500000| Complete 

Card table byte_map: [0x000002531ac20000,0x000002531ae20000] _byte_map_base: 0x000002531a615000

Marking Bits: (CMBitMap*) 0x0000025301b5b5e0
 Bits: [0x000002531b020000, 0x000002531bfc8000)

Polling page: 0x0000025301bf0000

Metaspace:

Usage:
  Non-class:      5.13 MB used.
      Class:    454.62 KB used.
       Both:      5.57 MB used.

Virtual space:
  Non-class space:       64.00 MB reserved,       5.19 MB (  8%) committed,  1 nodes.
      Class space:        1.00 GB reserved,     512.00 KB ( <1%) committed,  1 nodes.
             Both:        1.06 GB reserved,       5.69 MB ( <1%) committed. 

Chunk freelists:
   Non-Class:  2.50 MB
       Class:  3.53 MB
        Both:  6.02 MB

MaxMetaspaceSize: unlimited
CompressedClassSpaceSize: 1.00 GB
Initial GC threshold: 21.00 MB
Current GC threshold: 21.00 MB
CDS: off
MetaspaceReclaimPolicy: balanced
 - commit_granule_bytes: 65536.
 - commit_granule_words: 8192.
 - virtual_space_node_default_size: 8388608.
 - enlarge_chunks_in_place: 1.
 - new_chunks_are_fully_committed: 0.
 - uncommit_free_chunks: 1.
 - use_allocation_guard: 0.


Internal statistics:

num_allocs_failed_limit: 0.
num_arena_births: 6.
num_arena_deaths: 0.
num_vsnodes_births: 2.
num_vsnodes_deaths: 0.
num_space_committed: 91.
num_space_uncommitted: 0.
num_chunks_returned_to_freelist: 0.
num_chunks_taken_from_freelist: 12.
num_chunk_merges: 0.
num_chunk_splits: 5.
num_chunks_enlarged: 2.
num_inconsistent_stats: 0.

CodeHeap 'non-profiled nmethods': size=120000Kb used=38Kb max_used=38Kb free=119961Kb
 bounds [0x0000025312ec0000, 0x0000025313130000, 0x000002531a3f0000]
CodeHeap 'profiled nmethods': size=120000Kb used=129Kb max_used=129Kb free=119870Kb
 bounds [0x000002530b3f0000, 0x000002530b660000, 0x0000025312920000]
CodeHeap 'non-nmethods': size=5760Kb used=1300Kb max_used=1313Kb free=4459Kb
 bounds [0x0000025312920000, 0x0000025312b90000, 0x0000025312ec0000]
 total_blobs=482 nmethods=120 adapters=273
 compilation: enabled
              stopped_count=0, restarted_count=0
 full_count=0

Compilation events (20 events):
Event: 0.399 Thread 0x000002531e5e65d0 nmethod 111 0x000002530b40ce10 code [0x000002530b40cfa0, 0x000002530b40d160]
Event: 0.399 Thread 0x000002531e5e65d0  113       3       java.util.HashMap::putVal (300 bytes)
Event: 0.400 Thread 0x000002531e5e65d0 nmethod 113 0x000002530b40d210 code [0x000002530b40d4a0, 0x000002530b40e498]
Event: 0.400 Thread 0x000002531e5e65d0  112       3       java.util.stream.StreamOpFlag::getMask (30 bytes)
Event: 0.400 Thread 0x000002531e5e65d0 nmethod 112 0x000002530b40e990 code [0x000002530b40eb20, 0x000002530b40eca0]
Event: 0.400 Thread 0x000002531e5e65d0  114       3       java.util.stream.Sink$ChainedReference::cancellationRequested (10 bytes)
Event: 0.400 Thread 0x000002531e5e65d0 nmethod 114 0x000002530b40ed10 code [0x000002530b40eea0, 0x000002530b40f068]
Event: 0.400 Thread 0x000002531e5e65d0  115       1       java.util.Spliterators$IteratorSpliterator::characteristics (5 bytes)
Event: 0.400 Thread 0x000002531e5e65d0 nmethod 115 0x0000025312ec8d10 code [0x0000025312ec8e80, 0x0000025312ec8f48]
Event: 0.400 Thread 0x000002531e5e65d0  116       1       java.util.stream.AbstractPipeline::getStreamAndOpFlags (5 bytes)
Event: 0.400 Thread 0x000002531e5e65d0 nmethod 116 0x0000025312ec9010 code [0x0000025312ec9180, 0x0000025312ec9248]
Event: 0.400 Thread 0x000002531e5e65d0  117       1       java.util.AbstractList$RandomAccessSpliterator::characteristics (4 bytes)
Event: 0.400 Thread 0x000002531e5e65d0 nmethod 117 0x0000025312ec9310 code [0x0000025312ec9480, 0x0000025312ec9548]
Event: 0.400 Thread 0x000002531e5e65d0  118       1       java.util.stream.FindOps$FindOp::getOpFlags (5 bytes)
Event: 0.401 Thread 0x000002531e5e65d0 nmethod 118 0x0000025312ec9610 code [0x0000025312ec9780, 0x0000025312ec9848]
Event: 0.401 Thread 0x000002531e5e65d0  119       3       java.util.HashMap::put (13 bytes)
Event: 0.401 Thread 0x000002531e5e65d0 nmethod 119 0x000002530b40f110 code [0x000002530b40f2c0, 0x000002530b40f5b8]
Event: 0.404 Thread 0x000002531e5e65d0  120       3       java.util.HashMap::getNode (150 bytes)
Event: 0.405 Thread 0x000002531e5e65d0 nmethod 120 0x000002530b40f710 code [0x000002530b40f940, 0x000002530b4104c0]
Event: 0.405 Thread 0x000002531e5e65d0  122       3       java.util.HashMap$Node::<init> (26 bytes)

GC Heap History (0 events):
No events

Dll operation events (2 events):
Event: 0.010 Loaded shared library C:\Program Files\Java\jdk-20\bin\java.dll
Event: 0.172 Loaded shared library C:\Program Files\Java\jdk-20\bin\jsvml.dll

Deoptimization events (0 events):
No events

Classes loaded (20 events):
Event: 0.394 Loading class java/util/stream/Streams
Event: 0.394 Loading class java/util/stream/Streams done
Event: 0.399 Loading class java/util/HashMap$KeySet
Event: 0.401 Loading class java/util/HashMap$KeySet done
Event: 0.401 Loading class java/util/HashMap$KeyIterator
Event: 0.401 Loading class java/util/HashMap$KeyIterator done
Event: 0.401 Loading class java/lang/module/Configuration
Event: 0.402 Loading class java/lang/module/Configuration done
Event: 0.402 Loading class java/lang/module/Resolver
Event: 0.404 Loading class java/lang/module/Resolver done
Event: 0.404 Loading class java/lang/module/ModuleFinder$1
Event: 0.404 Loading class java/lang/module/ModuleFinder$1 done
Event: 0.404 Loading class java/util/ImmutableCollections$ListItr
Event: 0.404 Loading class java/util/ListIterator
Event: 0.404 Loading class java/util/ListIterator done
Event: 0.404 Loading class java/util/ImmutableCollections$ListItr done
Event: 0.405 Loading class java/util/HashMap$Values
Event: 0.405 Loading class java/util/HashMap$Values done
Event: 0.405 Loading class java/util/HashMap$ValueIterator
Event: 0.405 Loading class java/util/HashMap$ValueIterator done

Classes unloaded (0 events):
No events

Classes redefined (0 events):
No events

Internal exceptions (0 events):
No events

VM Operations (0 events):
No events

Events (10 events):
Event: 0.173 Thread 0x0000025301b19af0 Thread added: 0x0000025301b19af0
Event: 0.228 Thread 0x000002531e5fc620 Thread added: 0x000002531e5fc620
Event: 0.228 Thread 0x000002531e5fda30 Thread added: 0x000002531e5fda30
Event: 0.232 Thread 0x000002531e5ef600 Thread added: 0x000002531e5ef600
Event: 0.232 Thread 0x000002531e5f1f50 Thread added: 0x000002531e5f1f50
Event: 0.232 Thread 0x000002531e5f2890 Thread added: 0x000002531e5f2890
Event: 0.232 Thread 0x000002531e5f31d0 Thread added: 0x000002531e5f31d0
Event: 0.232 Thread 0x000002531e5f3e40 Thread added: 0x000002531e5f3e40
Event: 0.236 Thread 0x000002531e5e65d0 Thread added: 0x000002531e5e65d0
Event: 0.371 Thread 0x0000025322880b00 Thread added: 0x0000025322880b00


Dynamic libraries:
0x00007ff7f6710000 - 0x00007ff7f6720000 	C:\Program Files\Java\jdk-20\bin\java.exe
0x00007ffda6410000 - 0x00007ffda6608000 	C:\WINDOWS\SYSTEM32\ntdll.dll
0x00007ffda4670000 - 0x00007ffda472d000 	C:\WINDOWS\System32\KERNEL32.DLL
0x00007ffda3af0000 - 0x00007ffda3de6000 	C:\WINDOWS\System32\KERNELBASE.dll
0x00007ffda3fa0000 - 0x00007ffda40a0000 	C:\WINDOWS\System32\ucrtbase.dll
0x00007ffd9e2e0000 - 0x00007ffd9e2f9000 	C:\Program Files\Java\jdk-20\bin\jli.dll
0x00007ffda48e0000 - 0x00007ffda498e000 	C:\WINDOWS\System32\ADVAPI32.dll
0x00007ffda6260000 - 0x00007ffda62fe000 	C:\WINDOWS\System32\msvcrt.dll
0x00007ffda4a70000 - 0x00007ffda4b0c000 	C:\WINDOWS\System32\sechost.dll
0x00007ffda5840000 - 0x00007ffda5966000 	C:\WINDOWS\System32\RPCRT4.dll
0x00007ffda4df0000 - 0x00007ffda4f8e000 	C:\WINDOWS\System32\USER32.dll
0x00007ffda40d0000 - 0x00007ffda40f2000 	C:\WINDOWS\System32\win32u.dll
0x00007ffda4630000 - 0x00007ffda465c000 	C:\WINDOWS\System32\GDI32.dll
0x00007ffda42b0000 - 0x00007ffda43ca000 	C:\WINDOWS\System32\gdi32full.dll
0x00007ffda43d0000 - 0x00007ffda446d000 	C:\WINDOWS\System32\msvcp_win.dll
0x00007ffd9ea60000 - 0x00007ffd9ea7b000 	C:\Program Files\Java\jdk-20\bin\VCRUNTIME140.dll
0x00007ffd8b500000 - 0x00007ffd8b79a000 	C:\WINDOWS\WinSxS\amd64_microsoft.windows.common-controls_6595b64144ccf1df_6.0.19041.1110_none_60b5254171f9507e\COMCTL32.dll
0x00007ffd9d370000 - 0x00007ffd9d37a000 	C:\WINDOWS\SYSTEM32\VERSION.dll
0x00007ffda50c0000 - 0x00007ffda50f0000 	C:\WINDOWS\System32\IMM32.DLL
0x00007ffda08d0000 - 0x00007ffda08dc000 	C:\Program Files\Java\jdk-20\bin\vcruntime140_1.dll
0x00007ffd9c660000 - 0x00007ffd9c6ee000 	C:\Program Files\Java\jdk-20\bin\msvcp140.dll
0x00007ffd6a5e0000 - 0x00007ffd6b277000 	C:\Program Files\Java\jdk-20\bin\server\jvm.dll
0x00007ffda0950000 - 0x00007ffda0959000 	C:\WINDOWS\SYSTEM32\WSOCK32.dll
0x00007ffda5970000 - 0x00007ffda59db000 	C:\WINDOWS\System32\WS2_32.dll
0x00007ffd86370000 - 0x00007ffd86397000 	C:\WINDOWS\SYSTEM32\WINMM.dll
0x00007ffda2360000 - 0x00007ffda2372000 	C:\WINDOWS\SYSTEM32\kernel.appcore.dll
0x00007ffd9f320000 - 0x00007ffd9f32a000 	C:\Program Files\Java\jdk-20\bin\jimage.dll
0x00007ffda2020000 - 0x00007ffda2204000 	C:\WINDOWS\SYSTEM32\DBGHELP.DLL
0x00007ffd871a0000 - 0x00007ffd871d4000 	C:\WINDOWS\SYSTEM32\dbgcore.DLL
0x00007ffda4100000 - 0x00007ffda4182000 	C:\WINDOWS\System32\bcryptPrimitives.dll
0x00007ffd9c6f0000 - 0x00007ffd9c716000 	C:\Program Files\Java\jdk-20\bin\java.dll
0x00007ffd7b0f0000 - 0x00007ffd7b1c7000 	C:\Program Files\Java\jdk-20\bin\jsvml.dll
0x00007ffda50f0000 - 0x00007ffda5835000 	C:\WINDOWS\System32\SHELL32.dll
0x00007ffda1880000 - 0x00007ffda201b000 	C:\WINDOWS\SYSTEM32\windows.storage.dll
0x00007ffda5a70000 - 0x00007ffda5dc4000 	C:\WINDOWS\System32\combase.dll
0x00007ffda3460000 - 0x00007ffda348e000 	C:\WINDOWS\SYSTEM32\Wldp.dll
0x00007ffda4470000 - 0x00007ffda451d000 	C:\WINDOWS\System32\SHCORE.dll
0x00007ffda4730000 - 0x00007ffda4785000 	C:\WINDOWS\System32\shlwapi.dll
0x00007ffda3a20000 - 0x00007ffda3a45000 	C:\WINDOWS\SYSTEM32\profapi.dll

dbghelp: loaded successfully - version: 4.0.5 - missing functions: none
symbol engine: initialized successfully - sym options: 0x614 - pdb path: .;C:\Program Files\Java\jdk-20\bin;C:\WINDOWS\SYSTEM32;C:\WINDOWS\WinSxS\amd64_microsoft.windows.common-controls_6595b64144ccf1df_6.0.19041.1110_none_60b5254171f9507e;C:\Program Files\Java\jdk-20\bin\server

VM Arguments:
jvm_args: -Dfile.encoding=UTF-8 --module-path=C:\Users\admin\Desktop\New Web Development\1.Java\7.JavaProject\1.Bank_Management_System\build\classes 
java_command: mypack.Signup_3
java_class_path (initial): C:\Users\admin\Desktop\New Web Development\Library\mysql-connector-j-8.0.33\mysql-connector-j-8.0.33.jar;C:\Users\admin\Desktop\New Web Development\Library\jcalendar-tz-1.3.3-4 (1).jar;C:\Users\admin\Desktop\New Web Development\1.Java\7.JavaProject\1.Bank_Management_System\build\classes
Launcher Type: SUN_STANDARD

[Global flags]
     intx CICompilerCount                          = 3                                         {product} {ergonomic}
     uint ConcGCThreads                            = 1                                         {product} {ergonomic}
     uint G1ConcRefinementThreads                  = 4                                         {product} {ergonomic}
   size_t G1HeapRegionSize                         = 1048576                                   {product} {ergonomic}
    uintx GCDrainStackTargetSize                   = 64                                        {product} {ergonomic}
   size_t InitialHeapSize                          = 67108864                                  {product} {ergonomic}
   size_t MarkStackSize                            = 4194304                                   {product} {ergonomic}
   size_t MaxHeapSize                              = 1050673152                                {product} {ergonomic}
   size_t MaxNewSize                               = 630194176                                 {product} {ergonomic}
   size_t MinHeapDeltaBytes                        = 1048576                                   {product} {ergonomic}
   size_t MinHeapSize                              = 8388608                                   {product} {ergonomic}
    uintx NonNMethodCodeHeapSize                   = 5832780                                {pd product} {ergonomic}
    uintx NonProfiledCodeHeapSize                  = 122912730                              {pd product} {ergonomic}
    uintx ProfiledCodeHeapSize                     = 122912730                              {pd product} {ergonomic}
    uintx ReservedCodeCacheSize                    = 251658240                              {pd product} {ergonomic}
     bool SegmentedCodeCache                       = true                                      {product} {ergonomic}
   size_t SoftMaxHeapSize                          = 1050673152                             {manageable} {ergonomic}
     bool UseCompressedClassPointers               = true                           {product lp64_product} {ergonomic}
     bool UseCompressedOops                        = true                           {product lp64_product} {ergonomic}
     bool UseG1GC                                  = true                                      {product} {ergonomic}
     bool UseLargePagesIndividualAllocation        = false                                  {pd product} {ergonomic}

Logging:
Log output configuration:
 #0: stdout all=warning uptime,level,tags foldmultilines=false
 #1: stderr all=off uptime,level,tags foldmultilines=false

Environment Variables:
JAVA_HOME=C:\Program Files\Java\jdk-20
PATH=C:\Program Files\Common Files\Oracle\Java\javapath;C:\Program Files (x86)\Common Files\Oracle\Java\javapath;C:\WINDOWS\system32;C:\WINDOWS;C:\WINDOWS\System32\Wbem;C:\WINDOWS\System32\WindowsPowerShell\v1.0\;C:\WINDOWS\System32\OpenSSH\;C:\Program Files\Java\jre-1.8\bin;C:\Program Files\nodejs\;C:\Program Files\MySQL\MySQL Shell 8.0\bin\;C:\Users\admin\AppData\Local\Microsoft\WindowsApps;C:\Users\admin\AppData\Local\Programs\Microsoft VS Code\bin;C:\Users\admin\AppData\Roaming\npm;C:\Users\admin\AppData\Local\GitHubDesktop\bin
USERNAME=admin
OS=Windows_NT
PROCESSOR_IDENTIFIER=Intel64 Family 6 Model 142 Stepping 10, GenuineIntel
TMP=C:\Users\admin\AppData\Local\Temp
TEMP=C:\Users\admin\AppData\Local\Temp




---------------  S Y S T E M  ---------------

OS:
 Windows 10 , 64 bit Build 19041 (10.0.19041.3393)
OS uptime: 0 days 23:47 hours

CPU: total 4 (initial active 4) (2 cores per cpu, 2 threads per core) family 6 model 142 stepping 10 microcode 0xe0, cx8, cmov, fxsr, ht, mmx, 3dnowpref, sse, sse2, sse3, ssse3, sse4.1, sse4.2, popcnt, lzcnt, tsc, tscinvbit, avx, avx2, aes, erms, clmul, bmi1, bmi2, adx, fma, vzeroupper, clflush, clflushopt, rdtscp, f16c

Memory: 4k page, system-wide physical 4007M (290M free)
TotalPageFile size 16295M (AvailPageFile size 2M)
current process WorkingSet (physical memory assigned to process): 27M, peak: 27M
current process commit charge ("private bytes"): 128M, peak: 129M

vm_info: Java HotSpot(TM) 64-Bit Server VM (20.0.1+9-29) for windows-amd64 JRE (20.0.1+9-29), built on 2023-03-07T13:56:11Z by "mach5one" with MS VC++ 17.1 (VS2022)

END.
