#
# There is insufficient memory for the Java Runtime Environment to continue.
# Native memory allocation (mmap) failed to map 67108864 bytes for G1 virtual space
# Possible reasons:
#   The system is out of physical RAM or swap space
#   The process is running with CompressedOops enabled, and the Java Heap may be blocking the growth of the native heap
# Possible solutions:
#   Reduce memory load on the system
#   Increase physical memory or swap space
#   Check if swap backing store is full
#   Decrease Java heap size (-Xmx/-Xms)
#   Decrease number of Java threads
#   Decrease Java thread stack sizes (-Xss)
#   Set larger code cache with -XX:ReservedCodeCacheSize=
#   JVM is running with Unscaled Compressed Oops mode in which the Java heap is
#     placed in the first 4GB address space. The Java Heap base address is the
#     maximum limit for the native heap growth. Please use -XX:HeapBaseMinAddress
#     to set the Java Heap base and to place the Java Heap above 4GB virtual address.
# This output file may be truncated or incomplete.
#
#  Out of Memory Error (os_windows.cpp:3528), pid=5040, tid=10912
#
# JRE version:  (20.0.1+9) (build )
# Java VM: Java HotSpot(TM) 64-Bit Server VM (20.0.1+9-29, mixed mode, sharing, tiered, compressed oops, compressed class ptrs, g1 gc, windows-amd64)
# No core dump will be written. Minidumps are not enabled by default on client versions of Windows
#

---------------  S U M M A R Y ------------

Command Line: -Dfile.encoding=UTF-8 --module-path=C:\Users\admin\Desktop\New Web Development\1.Java\7.JavaProject\1.Bank_Management_System\build\classes mypack.Signup_3

Host: Intel(R) Core(TM) i3-8130U CPU @ 2.20GHz, 4 cores, 3G,  Windows 10 , 64 bit Build 19041 (10.0.19041.3393)
Time: Thu Oct  5 09:10:29 2023 India Standard Time elapsed time: 0.016706 seconds (0d 0h 0m 0s)

---------------  T H R E A D  ---------------

Current thread (0x0000020404959db0):  JavaThread "Unknown thread" [_thread_in_vm, id=10912, stack(0x000000db49000000,0x000000db49100000)]

Stack: [0x000000db49000000,0x000000db49100000]
Native frames: (J=compiled Java code, j=interpreted, Vv=VM code, C=native code)
V  [jvm.dll+0x6bb95a]
V  [jvm.dll+0x8485fa]
V  [jvm.dll+0x84a1f5]
V  [jvm.dll+0x84a8f3]
V  [jvm.dll+0x280b0f]
V  [jvm.dll+0x6b86e9]
V  [jvm.dll+0x6ad2da]
V  [jvm.dll+0x35adf5]
V  [jvm.dll+0x363016]
V  [jvm.dll+0x3b3b3e]
V  [jvm.dll+0x3b3dc5]
V  [jvm.dll+0x32b50a]
V  [jvm.dll+0x32c32b]
V  [jvm.dll+0x8112bf]
V  [jvm.dll+0x3c0d91]
V  [jvm.dll+0x7fcfe3]
V  [jvm.dll+0x44c76f]
V  [jvm.dll+0x44e0e1]
C  [jli.dll+0x5287]
C  [ucrtbase.dll+0x21bb2]
C  [KERNEL32.DLL+0x17344]
C  [ntdll.dll+0x526b1]


---------------  P R O C E S S  ---------------

Threads class SMR info:
_java_thread_list=0x00007ffd6b13a098, length=0, elements={
}

Java Threads: ( => current thread )

Other Threads:
  0x000002040499b360 WorkerThread "GC Thread#0" [stack: 0x000000db49100000,0x000000db49200000] [id=10632]
  0x00000204049a40e0 ConcurrentGCThread "G1 Main Marker" [stack: 0x000000db49200000,0x000000db49300000] [id=17808]
  0x00000204049a51c0 WorkerThread "G1 Conc#0" [stack: 0x000000db49300000,0x000000db49400000] [id=3012]

[error occurred during error reporting (printing all threads), id 0xc0000005, EXCEPTION_ACCESS_VIOLATION (0xc0000005) at pc=0x00007ffd6a91eb47]
VM state: not at safepoint (not fully initialized)

VM Mutex/Monitor currently owned by a thread:  ([mutex/lock_event])
[0x00000204049557a0] Heap_lock - owner thread: 0x0000020404959db0

Heap address: 0x00000000c1600000, size: 1002 MB, Compressed Oops mode: 32-bit

CDS archive(s) mapped at: [0x0000000000000000-0x0000000000000000-0x0000000000000000), size 0, SharedBaseAddress: 0x0000000800000000, ArchiveRelocationMode: 0.
Narrow klass base: 0x0000000000000000, Narrow klass shift: 0, Narrow klass range: 0x0

GC Precious Log:
 CardTable entry size: 512
 Card Set container configuration: InlinePtr #cards 5 size 8 Array Of Cards #cards 12 size 40 Howl #buckets 4 coarsen threshold 1843 Howl Bitmap #cards 512 size 80 coarsen threshold 460 Card regions per heap region 1 cards per card region 2048

Heap:
 garbage-first heap   total 0K, used 0K [0x00000000c1600000, 0x0000000100000000)
  region size 1024K, 0 young (0K), 0 survivors (0K)

[error occurred during error reporting (printing heap information), id 0xc0000005, EXCEPTION_ACCESS_VIOLATION (0xc0000005) at pc=0x00007ffd6acf3c59]
GC Heap History (0 events):
No events

Dll operation events (1 events):
Event: 0.006 Loaded shared library C:\Program Files\Java\jdk-20\bin\java.dll

Deoptimization events (0 events):
No events

Classes loaded (0 events):
No events

Classes unloaded (0 events):
No events

Classes redefined (0 events):
No events

Internal exceptions (0 events):
No events

VM Operations (0 events):
No events

Events (0 events):
No events


Dynamic libraries:
0x00007ff7f6710000 - 0x00007ff7f6720000 	C:\Program Files\Java\jdk-20\bin\java.exe
0x00007ffda6410000 - 0x00007ffda6608000 	C:\WINDOWS\SYSTEM32\ntdll.dll
0x00007ffda4670000 - 0x00007ffda472d000 	C:\WINDOWS\System32\KERNEL32.DLL
0x00007ffda3af0000 - 0x00007ffda3de6000 	C:\WINDOWS\System32\KERNELBASE.dll
0x00007ffda3fa0000 - 0x00007ffda40a0000 	C:\WINDOWS\System32\ucrtbase.dll
0x00007ffd9ea60000 - 0x00007ffd9ea7b000 	C:\Program Files\Java\jdk-20\bin\VCRUNTIME140.dll
0x00007ffd9e2e0000 - 0x00007ffd9e2f9000 	C:\Program Files\Java\jdk-20\bin\jli.dll
0x00007ffda48e0000 - 0x00007ffda498e000 	C:\WINDOWS\System32\ADVAPI32.dll
0x00007ffda6260000 - 0x00007ffda62fe000 	C:\WINDOWS\System32\msvcrt.dll
0x00007ffda4a70000 - 0x00007ffda4b0c000 	C:\WINDOWS\System32\sechost.dll
0x00007ffda5840000 - 0x00007ffda5966000 	C:\WINDOWS\System32\RPCRT4.dll
0x00007ffda4df0000 - 0x00007ffda4f8e000 	C:\WINDOWS\System32\USER32.dll
0x00007ffda40d0000 - 0x00007ffda40f2000 	C:\WINDOWS\System32\win32u.dll
0x00007ffda4630000 - 0x00007ffda465c000 	C:\WINDOWS\System32\GDI32.dll
0x00007ffda42b0000 - 0x00007ffda43ca000 	C:\WINDOWS\System32\gdi32full.dll
0x00007ffda43d0000 - 0x00007ffda446d000 	C:\WINDOWS\System32\msvcp_win.dll
0x00007ffd8b500000 - 0x00007ffd8b79a000 	C:\WINDOWS\WinSxS\amd64_microsoft.windows.common-controls_6595b64144ccf1df_6.0.19041.1110_none_60b5254171f9507e\COMCTL32.dll
0x00007ffd9d370000 - 0x00007ffd9d37a000 	C:\WINDOWS\SYSTEM32\VERSION.dll
0x00007ffda50c0000 - 0x00007ffda50f0000 	C:\WINDOWS\System32\IMM32.DLL
0x00007ffda08d0000 - 0x00007ffda08dc000 	C:\Program Files\Java\jdk-20\bin\vcruntime140_1.dll
0x00007ffd9c660000 - 0x00007ffd9c6ee000 	C:\Program Files\Java\jdk-20\bin\msvcp140.dll
0x00007ffd6a5e0000 - 0x00007ffd6b277000 	C:\Program Files\Java\jdk-20\bin\server\jvm.dll
0x00007ffda0950000 - 0x00007ffda0959000 	C:\WINDOWS\SYSTEM32\WSOCK32.dll
0x00007ffda5970000 - 0x00007ffda59db000 	C:\WINDOWS\System32\WS2_32.dll
0x00007ffd86370000 - 0x00007ffd86397000 	C:\WINDOWS\SYSTEM32\WINMM.dll
0x00007ffda2360000 - 0x00007ffda2372000 	C:\WINDOWS\SYSTEM32\kernel.appcore.dll
0x00007ffd9f320000 - 0x00007ffd9f32a000 	C:\Program Files\Java\jdk-20\bin\jimage.dll
0x00007ffda2020000 - 0x00007ffda2204000 	C:\WINDOWS\SYSTEM32\DBGHELP.DLL
0x00007ffd871a0000 - 0x00007ffd871d4000 	C:\WINDOWS\SYSTEM32\dbgcore.DLL
0x00007ffda4100000 - 0x00007ffda4182000 	C:\WINDOWS\System32\bcryptPrimitives.dll
0x00007ffd9c6f0000 - 0x00007ffd9c716000 	C:\Program Files\Java\jdk-20\bin\java.dll

dbghelp: loaded successfully - version: 4.0.5 - missing functions: none
symbol engine: initialized successfully - sym options: 0x614 - pdb path: .;C:\Program Files\Java\jdk-20\bin;C:\WINDOWS\SYSTEM32;C:\WINDOWS\WinSxS\amd64_microsoft.windows.common-controls_6595b64144ccf1df_6.0.19041.1110_none_60b5254171f9507e;C:\Program Files\Java\jdk-20\bin\server

VM Arguments:
jvm_args: -Dfile.encoding=UTF-8 --module-path=C:\Users\admin\Desktop\New Web Development\1.Java\7.JavaProject\1.Bank_Management_System\build\classes 
java_command: mypack.Signup_3
java_class_path (initial): C:\Users\admin\Desktop\New Web Development\Library\mysql-connector-j-8.0.33\mysql-connector-j-8.0.33.jar;C:\Users\admin\Desktop\New Web Development\Library\jcalendar-tz-1.3.3-4 (1).jar;C:\Users\admin\Desktop\New Web Development\1.Java\7.JavaProject\1.Bank_Management_System\build\classes
Launcher Type: SUN_STANDARD

[Global flags]
     intx CICompilerCount                          = 3                                         {product} {ergonomic}
     uint ConcGCThreads                            = 1                                         {product} {ergonomic}
     uint G1ConcRefinementThreads                  = 4                                         {product} {ergonomic}
   size_t G1HeapRegionSize                         = 1048576                                   {product} {ergonomic}
    uintx GCDrainStackTargetSize                   = 64                                        {product} {ergonomic}
   size_t InitialHeapSize                          = 67108864                                  {product} {ergonomic}
   size_t MarkStackSize                            = 4194304                                   {product} {ergonomic}
   size_t MaxHeapSize                              = 1050673152                                {product} {ergonomic}
   size_t MinHeapDeltaBytes                        = 1048576                                   {product} {ergonomic}
   size_t MinHeapSize                              = 8388608                                   {product} {ergonomic}
    uintx NonNMethodCodeHeapSize                   = 5832780                                {pd product} {ergonomic}
    uintx NonProfiledCodeHeapSize                  = 122912730                              {pd product} {ergonomic}
    uintx ProfiledCodeHeapSize                     = 122912730                              {pd product} {ergonomic}
    uintx ReservedCodeCacheSize                    = 251658240                              {pd product} {ergonomic}
     bool SegmentedCodeCache                       = true                                      {product} {ergonomic}
   size_t SoftMaxHeapSize                          = 1050673152                             {manageable} {ergonomic}
     bool UseCompressedClassPointers               = true                           {product lp64_product} {ergonomic}
     bool UseCompressedOops                        = true                           {product lp64_product} {ergonomic}
     bool UseG1GC                                  = true                                      {product} {ergonomic}
     bool UseLargePagesIndividualAllocation        = false                                  {pd product} {ergonomic}

Logging:
Log output configuration:
 #0: stdout all=warning uptime,level,tags foldmultilines=false
 #1: stderr all=off uptime,level,tags foldmultilines=false

Environment Variables:
JAVA_HOME=C:\Program Files\Java\jdk-20
PATH=C:\Program Files\Common Files\Oracle\Java\javapath;C:\Program Files (x86)\Common Files\Oracle\Java\javapath;C:\WINDOWS\system32;C:\WINDOWS;C:\WINDOWS\System32\Wbem;C:\WINDOWS\System32\WindowsPowerShell\v1.0\;C:\WINDOWS\System32\OpenSSH\;C:\Program Files\Java\jre-1.8\bin;C:\Program Files\nodejs\;C:\Program Files\MySQL\MySQL Shell 8.0\bin\;C:\Users\admin\AppData\Local\Microsoft\WindowsApps;C:\Users\admin\AppData\Local\Programs\Microsoft VS Code\bin;C:\Users\admin\AppData\Roaming\npm;C:\Users\admin\AppData\Local\GitHubDesktop\bin
USERNAME=admin
OS=Windows_NT
PROCESSOR_IDENTIFIER=Intel64 Family 6 Model 142 Stepping 10, GenuineIntel
TMP=C:\Users\admin\AppData\Local\Temp
TEMP=C:\Users\admin\AppData\Local\Temp




---------------  S Y S T E M  ---------------

OS:
 Windows 10 , 64 bit Build 19041 (10.0.19041.3393)
OS uptime: 0 days 23:47 hours

CPU: total 4 (initial active 4) (2 cores per cpu, 2 threads per core) family 6 model 142 stepping 10 microcode 0xe0, cx8, cmov, fxsr, ht, mmx, 3dnowpref, sse, sse2, sse3, ssse3, sse4.1, sse4.2, popcnt, lzcnt, tsc, tscinvbit, avx, avx2, aes, erms, clmul, bmi1, bmi2, adx, fma, vzeroupper, clflush, clflushopt, rdtscp, f16c

Memory: 4k page, system-wide physical 4007M (284M free)
TotalPageFile size 16295M (AvailPageFile size 48M)
current process WorkingSet (physical memory assigned to process): 10M, peak: 10M
current process commit charge ("private bytes"): 51M, peak: 115M

vm_info: Java HotSpot(TM) 64-Bit Server VM (20.0.1+9-29) for windows-amd64 JRE (20.0.1+9-29), built on 2023-03-07T13:56:11Z by "mach5one" with MS VC++ 17.1 (VS2022)

END.
